 BELLHOP/BELLHOP3D

 BELLHOP- rayBendingSSP                                                          
 frequency =   300.0     Hz

 Dummy parameter NMedia =            1

     PCHIP approximation to SSP
     Attenuation units: dB/mkHz
     VACUUM

 Depth =    1321.00 m

 Sound speed profile:
   z (m)     alphaR (m/s)   betaR  rho (g/cm^3)  alphaI     betaI

      1.00      1507.10      0.00     1.00       0.0000    0.0000
     11.00      1506.96      0.00     1.00       0.0000    0.0000
     21.00      1505.39      0.00     1.00       0.0000    0.0000
     31.00      1502.38      0.00     1.00       0.0000    0.0000
     41.00      1500.94      0.00     1.00       0.0000    0.0000
     51.00      1500.48      0.00     1.00       0.0000    0.0000
     61.00      1499.30      0.00     1.00       0.0000    0.0000
     71.00      1497.44      0.00     1.00       0.0000    0.0000
     81.00      1495.98      0.00     1.00       0.0000    0.0000
     91.00      1495.36      0.00     1.00       0.0000    0.0000
    101.00      1494.54      0.00     1.00       0.0000    0.0000
    111.00      1493.05      0.00     1.00       0.0000    0.0000
    121.00      1491.98      0.00     1.00       0.0000    0.0000
    131.00      1490.72      0.00     1.00       0.0000    0.0000
    141.00      1489.81      0.00     1.00       0.0000    0.0000
    151.00      1489.36      0.00     1.00       0.0000    0.0000
    161.00      1488.88      0.00     1.00       0.0000    0.0000
    171.00      1488.47      0.00     1.00       0.0000    0.0000
    181.00      1487.98      0.00     1.00       0.0000    0.0000
    191.00      1487.62      0.00     1.00       0.0000    0.0000
    201.00      1487.41      0.00     1.00       0.0000    0.0000
    211.00      1487.19      0.00     1.00       0.0000    0.0000
    221.00      1487.09      0.00     1.00       0.0000    0.0000
    231.00      1487.02      0.00     1.00       0.0000    0.0000
    241.00      1487.02      0.00     1.00       0.0000    0.0000
    251.00      1487.04      0.00     1.00       0.0000    0.0000
    261.00      1486.89      0.00     1.00       0.0000    0.0000
    271.00      1486.83      0.00     1.00       0.0000    0.0000
    281.00      1486.70      0.00     1.00       0.0000    0.0000
    291.00      1486.61      0.00     1.00       0.0000    0.0000
    301.00      1486.59      0.00     1.00       0.0000    0.0000
    311.00      1486.52      0.00     1.00       0.0000    0.0000
    321.00      1486.39      0.00     1.00       0.0000    0.0000
    331.00      1486.24      0.00     1.00       0.0000    0.0000
    341.00      1486.08      0.00     1.00       0.0000    0.0000
    351.00      1485.94      0.00     1.00       0.0000    0.0000
    361.00      1485.75      0.00     1.00       0.0000    0.0000
    371.00      1485.51      0.00     1.00       0.0000    0.0000
    381.00      1485.22      0.00     1.00       0.0000    0.0000
    391.00      1484.95      0.00     1.00       0.0000    0.0000
    401.00      1484.78      0.00     1.00       0.0000    0.0000
    411.00      1484.65      0.00     1.00       0.0000    0.0000
    421.00      1484.51      0.00     1.00       0.0000    0.0000
    431.00      1484.32      0.00     1.00       0.0000    0.0000
    441.00      1484.24      0.00     1.00       0.0000    0.0000
    451.00      1484.18      0.00     1.00       0.0000    0.0000
    461.00      1483.95      0.00     1.00       0.0000    0.0000
    471.00      1483.63      0.00     1.00       0.0000    0.0000
    481.00      1483.54      0.00     1.00       0.0000    0.0000
    491.00      1483.47      0.00     1.00       0.0000    0.0000
    501.00      1483.41      0.00     1.00       0.0000    0.0000
    511.00      1483.32      0.00     1.00       0.0000    0.0000
    521.00      1483.28      0.00     1.00       0.0000    0.0000
    531.00      1483.21      0.00     1.00       0.0000    0.0000
    541.00      1483.13      0.00     1.00       0.0000    0.0000
    551.00      1483.08      0.00     1.00       0.0000    0.0000
    561.00      1483.04      0.00     1.00       0.0000    0.0000
    571.00      1482.92      0.00     1.00       0.0000    0.0000
    581.00      1482.85      0.00     1.00       0.0000    0.0000
    591.00      1482.75      0.00     1.00       0.0000    0.0000
    601.00      1482.63      0.00     1.00       0.0000    0.0000
    611.00      1482.56      0.00     1.00       0.0000    0.0000
    621.00      1482.53      0.00     1.00       0.0000    0.0000
    631.00      1482.46      0.00     1.00       0.0000    0.0000
    641.00      1482.43      0.00     1.00       0.0000    0.0000
    651.00      1482.44      0.00     1.00       0.0000    0.0000
    661.00      1482.40      0.00     1.00       0.0000    0.0000
    671.00      1482.33      0.00     1.00       0.0000    0.0000
    681.00      1482.32      0.00     1.00       0.0000    0.0000
    691.00      1482.35      0.00     1.00       0.0000    0.0000
    701.00      1482.34      0.00     1.00       0.0000    0.0000
    711.00      1482.35      0.00     1.00       0.0000    0.0000
    721.00      1482.36      0.00     1.00       0.0000    0.0000
    731.00      1482.32      0.00     1.00       0.0000    0.0000
    741.00      1482.33      0.00     1.00       0.0000    0.0000
    751.00      1482.35      0.00     1.00       0.0000    0.0000
    761.00      1482.39      0.00     1.00       0.0000    0.0000
    771.00      1482.40      0.00     1.00       0.0000    0.0000
    781.00      1482.36      0.00     1.00       0.0000    0.0000
    791.00      1482.38      0.00     1.00       0.0000    0.0000
    801.00      1482.40      0.00     1.00       0.0000    0.0000
    811.00      1482.40      0.00     1.00       0.0000    0.0000
    821.00      1482.48      0.00     1.00       0.0000    0.0000
    831.00      1482.51      0.00     1.00       0.0000    0.0000
    841.00      1482.54      0.00     1.00       0.0000    0.0000
    851.00      1482.54      0.00     1.00       0.0000    0.0000
    861.00      1482.60      0.00     1.00       0.0000    0.0000
    871.00      1482.62      0.00     1.00       0.0000    0.0000
    881.00      1482.78      0.00     1.00       0.0000    0.0000
    891.00      1482.57      0.00     1.00       0.0000    0.0000
    901.00      1482.53      0.00     1.00       0.0000    0.0000
    911.00      1482.53      0.00     1.00       0.0000    0.0000
    921.00      1482.52      0.00     1.00       0.0000    0.0000
    931.00      1482.53      0.00     1.00       0.0000    0.0000
    941.00      1482.52      0.00     1.00       0.0000    0.0000
    951.00      1482.56      0.00     1.00       0.0000    0.0000
    961.00      1482.57      0.00     1.00       0.0000    0.0000
    971.00      1482.65      0.00     1.00       0.0000    0.0000
    981.00      1482.88      0.00     1.00       0.0000    0.0000
    991.00      1482.79      0.00     1.00       0.0000    0.0000
   1001.00      1482.93      0.00     1.00       0.0000    0.0000
   1011.00      1483.07      0.00     1.00       0.0000    0.0000
   1021.00      1483.16      0.00     1.00       0.0000    0.0000
   1031.00      1483.28      0.00     1.00       0.0000    0.0000
   1041.00      1483.41      0.00     1.00       0.0000    0.0000
   1051.00      1483.54      0.00     1.00       0.0000    0.0000
   1061.00      1483.66      0.00     1.00       0.0000    0.0000
   1071.00      1483.79      0.00     1.00       0.0000    0.0000
   1081.00      1483.97      0.00     1.00       0.0000    0.0000
   1091.00      1484.03      0.00     1.00       0.0000    0.0000
   1101.00      1484.13      0.00     1.00       0.0000    0.0000
   1111.00      1484.31      0.00     1.00       0.0000    0.0000
   1121.00      1484.44      0.00     1.00       0.0000    0.0000
   1131.00      1484.60      0.00     1.00       0.0000    0.0000
   1141.00      1484.74      0.00     1.00       0.0000    0.0000
   1151.00      1484.89      0.00     1.00       0.0000    0.0000
   1161.00      1485.05      0.00     1.00       0.0000    0.0000
   1171.00      1485.20      0.00     1.00       0.0000    0.0000
   1181.00      1485.34      0.00     1.00       0.0000    0.0000
   1191.00      1485.49      0.00     1.00       0.0000    0.0000
   1201.00      1485.61      0.00     1.00       0.0000    0.0000
   1211.00      1485.79      0.00     1.00       0.0000    0.0000
   1221.00      1485.93      0.00     1.00       0.0000    0.0000
   1231.00      1486.08      0.00     1.00       0.0000    0.0000
   1241.00      1486.24      0.00     1.00       0.0000    0.0000
   1251.00      1486.37      0.00     1.00       0.0000    0.0000
   1261.00      1486.56      0.00     1.00       0.0000    0.0000
   1271.00      1486.71      0.00     1.00       0.0000    0.0000
   1281.00      1486.87      0.00     1.00       0.0000    0.0000
   1291.00      1487.05      0.00     1.00       0.0000    0.0000
   1301.00      1487.13      0.00     1.00       0.0000    0.0000
   1311.00      1487.22      0.00     1.00       0.0000    0.0000
   1321.00      1488.40      0.00     1.00       0.0000    0.0000

                                 ( RMS roughness =   0.00     )
     ACOUSTO-ELASTIC half-space
   5000.00      1522.18      0.00     1.50       0.5000    0.0000

 __________________________________________________________________________

 Number of Source   depths, Sz =            1
 Source   depths, Sz (m)
   1320.00    


 __________________________________________________________________________

 Number of Receiver depths, Rz =           21
 Receiver depths, Rz (m)
   200.000       250.000       300.000       350.000       400.000    
   450.000       500.000       550.000       600.000       650.000    
          ... 
   1200.00    


 __________________________________________________________________________

 Number of Receiver ranges, Rr =          121
 Receiver ranges, Rr (km)
   0.00000      0.500000E-01  0.100000      0.150000      0.200000    
  0.250000      0.300000      0.350000      0.400000      0.450000    
          ... 
   6.00000    


 Arrivals calculation, ASCII  file output
 Geometric hat beams in Cartesian coordinates
 Point source (cylindrical coordinates)
 Rectilinear receiver grid: Receivers at Rr( : ) x Rz( : )
 __________________________________________________________________________

 Number of beams in elevation   =          360
 Beam take-off angles (degrees)
  -90.0000      -89.4986      -88.9972      -88.4958      -87.9944    
  -87.4930      -86.9916      -86.4903      -85.9889      -85.4875    
          ... 
   90.0000    

 __________________________________________________________________________


 Step length,       deltas =   0.000     m

 Maximum ray depth, Box%z  =   1500.     m
 Maximum ray range, Box%r  =   101.0    km
 No beam shift in effect


 Step length,       deltas =   132.0     m (automatically selected)

 ( Maximum # of arrivals =         7870 )

Tracing beam       1    -90.00

 Geometric hat beams                     
 halfwidth  =    180.44433811392955     
 epsilonOpt =  (  0.0000000000000000     ,  30687227.042556368     )
 EpsMult    =    1.0000000000000000     

Tracing beam       8    -86.49
Tracing beam      15    -82.98
Tracing beam      22    -79.47
Tracing beam      29    -75.96
Tracing beam      36    -72.45
Tracing beam      43    -68.94
Tracing beam      50    -65.43
Tracing beam      57    -61.92
Tracing beam      64    -58.41
Tracing beam      71    -54.90
Tracing beam      78    -51.39
Tracing beam      85    -47.88
Tracing beam      92    -44.37
Tracing beam      99    -40.86
Tracing beam     106    -37.35
Tracing beam     113    -33.84
Tracing beam     120    -30.33
Tracing beam     127    -26.82
Tracing beam     134    -23.31
Tracing beam     141    -19.81
Tracing beam     148    -16.30
Tracing beam     155    -12.79
Tracing beam     162     -9.28
Tracing beam     169     -5.77
Tracing beam     176     -2.26
Tracing beam     183      1.25
Tracing beam     190      4.76
Tracing beam     197      8.27
Tracing beam     204     11.78
Tracing beam     211     15.29
Tracing beam     218     18.80
Tracing beam     225     22.31
Tracing beam     232     25.82
Tracing beam     239     29.33
Tracing beam     246     32.84
Tracing beam     253     36.35
Tracing beam     260     39.86
Tracing beam     267     43.37
Tracing beam     274     46.88
Tracing beam     281     50.39
Tracing beam     288     53.90
Tracing beam     295     57.41
Tracing beam     302     60.92
Tracing beam     309     64.43
Tracing beam     316     67.94
Tracing beam     323     71.45
Tracing beam     330     74.96
Tracing beam     337     78.47
Tracing beam     344     81.98
Tracing beam     351     85.49
Tracing beam     358     89.00

 CPU Time =       0.391    s
